<?xml version="1.0" encoding="UTF-8"?>
<!-- Generated by org.testng.reporters.JUnitReportReporter -->
<testsuite skipped="0" hostname="PC" name="WebAutomation.ProjectWeb.LoginTest" tests="1" failures="0" timestamp="27 Aug 2022 05:22:57 GMT" time="0.037" errors="0">
  <testcase name="doLogin" time="0.037" classname="WebAutomation.ProjectWeb.LoginTest"/>
</testsuite> <!-- WebAutomation.ProjectWeb.LoginTest -->
