<?xml version="1.0" encoding="UTF-8"?>
<!-- Generated by org.testng.reporters.JUnitReportReporter -->
<testsuite skipped="0" hostname="PC" name="LoginScenario.LoginScenarioTestCases" tests="1" failures="0" timestamp="03 Sep 2022 03:51:29 GMT" time="2.343" errors="0">
  <testcase name="TC_01_VerifyLoginWithInvalidCredential" time="2.343" classname="LoginScenario.LoginScenarioTestCases"/>
</testsuite> <!-- LoginScenario.LoginScenarioTestCases -->
