<?xml version="1.0" encoding="UTF-8"?>
<!-- Generated by org.testng.reporters.JUnitReportReporter -->
<testsuite skipped="0" hostname="PC" name="LoginScenario.LoginScenarioTestCases" tests="4" failures="0" timestamp="03 Sep 2022 04:23:00 GMT" time="2.596" errors="0">
  <testcase name="TC_02_VerifyLoginWithValidCredential" time="0.000" classname="LoginScenario.LoginScenarioTestCases"/>
  <testcase name="TC_03_VerifySignUp" time="0.001" classname="LoginScenario.LoginScenarioTestCases"/>
  <testcase name="TC_04_VerifySign" time="0.000" classname="LoginScenario.LoginScenarioTestCases"/>
  <testcase name="TC_01_VerifyLoginWithInvalidCredential" time="2.595" classname="LoginScenario.LoginScenarioTestCases"/>
</testsuite> <!-- LoginScenario.LoginScenarioTestCases -->
